2023-03-09 10:06:57,377 INFO  WarehouseAppApplicationNew:17 - [] inside class !!!, Method !!!: main Method
2023-03-09 10:06:57,402 DEBUG WarehouseAppApplicationNew:18 - [] loading index page..
2023-03-09 10:06:57,404 WARN  WarehouseAppApplicationNew:19 - [] WARN level message!!
2023-03-09 10:06:57,411 ERROR WarehouseAppApplicationNew:20 - [] ERROR level message !!
2023-03-09 10:06:58,463 INFO  StartupInfoLogger:55 - [] Starting WarehouseAppApplicationNew on DESKTOP-024JAS8 with PID 10964 (C:\Users\laksh\eclipse-workspace\spring\User_App3-1\target\classes started by laksh in C:\Users\laksh\eclipse-workspace\spring\User_App3-1)
2023-03-09 10:06:58,464 DEBUG StartupInfoLogger:56 - [] Running with Spring Boot v2.3.9.RELEASE, Spring v5.2.13.RELEASE
2023-03-09 10:06:58,466 INFO  SpringApplication:651 - [] No active profile set, falling back to default profiles: default
2023-03-09 10:07:05,937 INFO  StartupInfoLogger:61 - [] Started WarehouseAppApplicationNew in 8.208 seconds (JVM running for 10.242)
2023-03-09 10:07:58,345 DEBUG EmpController:50 - [] Start of getAllEmployees() of employee controller class
2023-03-09 10:07:58,349 INFO  EmpController:51 - [] !!! inside class: EmployeeController, !! method: getAllEmployees
2023-03-09 10:07:58,353 DEBUG EmpController:52 - [] End of getAllEmployees() of employee controller class
2023-03-09 10:07:58,353 DEBUG EmpServiceImpl:32 - [] Start of getAllEmployees() of employee service impl
2023-03-09 10:07:58,354 INFO  EmpServiceImpl:33 - [] !!! inside class: EmpServiceImpl, !! method: getAllEmp
2023-03-09 10:07:58,356 DEBUG EmpServiceImpl:34 - [] End of getAllEmployees() of employee service impl
2023-03-09 10:08:42,997 DEBUG EmpController:34 - [] Start of saveEmp()  of employee controller class
2023-03-09 10:08:42,998 INFO  EmpController:35 - [] !!! inside class: EmployeeController, !! method: saveEmployee
2023-03-09 10:08:42,999 DEBUG EmpController:36 - [] End of saveEmp() of employee controller class
2023-03-09 10:08:43,002 DEBUG EmpServiceImpl:24 - [] Start of saveEmployee() of employee service impl
2023-03-09 10:08:43,003 INFO  EmpServiceImpl:25 - [] !!! inside class: EmpServiceImpl, !! method: saveEmp
2023-03-09 10:08:43,003 DEBUG EmpServiceImpl:26 - [] End of saveEmployee() of employee service impl
2023-03-09 10:08:43,105 ERROR EmpController:39 - [] Employee object saved successfully
2023-03-09 11:48:05,940 INFO  WarehouseAppApplicationNew:17 - [] inside class !!!, Method !!!: main Method
2023-03-09 11:48:05,951 DEBUG WarehouseAppApplicationNew:18 - [] loading index page..
2023-03-09 11:48:05,951 WARN  WarehouseAppApplicationNew:19 - [] WARN level message!!
2023-03-09 11:48:05,952 ERROR WarehouseAppApplicationNew:20 - [] ERROR level message !!
2023-03-09 11:48:06,811 INFO  StartupInfoLogger:55 - [] Starting WarehouseAppApplicationNew on DESKTOP-024JAS8 with PID 12728 (C:\Users\laksh\eclipse-workspace\spring\User_App3-1\target\classes started by laksh in C:\Users\laksh\eclipse-workspace\spring\User_App3-1)
2023-03-09 11:48:06,812 DEBUG StartupInfoLogger:56 - [] Running with Spring Boot v2.3.9.RELEASE, Spring v5.2.13.RELEASE
2023-03-09 11:48:06,813 INFO  SpringApplication:655 - [] The following profiles are active: dev
2023-03-09 11:48:14,461 INFO  StartupInfoLogger:61 - [] Started WarehouseAppApplicationNew in 8.326 seconds (JVM running for 11.143)
2023-03-09 11:49:30,254 INFO  WarehouseAppApplicationNew:17 - [] inside class !!!, Method !!!: main Method
2023-03-09 11:49:30,264 DEBUG WarehouseAppApplicationNew:18 - [] loading index page..
2023-03-09 11:49:30,268 WARN  WarehouseAppApplicationNew:19 - [] WARN level message!!
2023-03-09 11:49:30,270 ERROR WarehouseAppApplicationNew:20 - [] ERROR level message !!
2023-03-09 11:49:31,043 INFO  StartupInfoLogger:55 - [] Starting WarehouseAppApplicationNew on DESKTOP-024JAS8 with PID 6952 (C:\Users\laksh\eclipse-workspace\spring\User_App3-1\target\classes started by laksh in C:\Users\laksh\eclipse-workspace\spring\User_App3-1)
2023-03-09 11:49:31,045 DEBUG StartupInfoLogger:56 - [] Running with Spring Boot v2.3.9.RELEASE, Spring v5.2.13.RELEASE
2023-03-09 11:49:31,045 INFO  SpringApplication:655 - [] The following profiles are active: qa
2023-03-09 11:50:36,744 INFO  WarehouseAppApplicationNew:17 - [] inside class !!!, Method !!!: main Method
2023-03-09 11:50:36,758 DEBUG WarehouseAppApplicationNew:18 - [] loading index page..
2023-03-09 11:50:36,759 WARN  WarehouseAppApplicationNew:19 - [] WARN level message!!
2023-03-09 11:50:36,759 ERROR WarehouseAppApplicationNew:20 - [] ERROR level message !!
2023-03-09 11:50:37,653 INFO  StartupInfoLogger:55 - [] Starting WarehouseAppApplicationNew on DESKTOP-024JAS8 with PID 10896 (C:\Users\laksh\eclipse-workspace\spring\User_App3-1\target\classes started by laksh in C:\Users\laksh\eclipse-workspace\spring\User_App3-1)
2023-03-09 11:50:37,655 DEBUG StartupInfoLogger:56 - [] Running with Spring Boot v2.3.9.RELEASE, Spring v5.2.13.RELEASE
2023-03-09 11:50:37,656 INFO  SpringApplication:655 - [] The following profiles are active: dev
2023-03-09 11:50:45,200 INFO  StartupInfoLogger:61 - [] Started WarehouseAppApplicationNew in 8.267 seconds (JVM running for 10.256)
2023-03-09 11:51:06,704 DEBUG EmpController:78 - [] Start of getEmpbyId() of employee controller class
2023-03-09 11:51:06,706 INFO  EmpController:79 - [] !!! inside class: EmployeeController, !! method: getEmployeeById
2023-03-09 11:51:06,707 DEBUG EmpController:80 - [] End of getEmpbyId() of employee controller class
2023-03-09 11:51:06,708 DEBUG EmpServiceImpl:49 - [] Start of getEmpbyId()  of employee service impl
2023-03-09 11:51:06,709 INFO  EmpServiceImpl:50 - [] !!! inside class: EmpServiceImpl, !! method: getEmpByID
2023-03-09 11:51:06,710 DEBUG EmpServiceImpl:51 - [] End of getEmpbyId() of employee service impl
2023-03-09 11:52:25,067 DEBUG EmpController:78 - [] Start of getEmpbyId() of employee controller class
2023-03-09 11:52:25,068 INFO  EmpController:79 - [] !!! inside class: EmployeeController, !! method: getEmployeeById
2023-03-09 11:52:25,070 DEBUG EmpController:80 - [] End of getEmpbyId() of employee controller class
2023-03-09 11:52:25,071 DEBUG EmpServiceImpl:49 - [] Start of getEmpbyId()  of employee service impl
2023-03-09 11:52:25,073 INFO  EmpServiceImpl:50 - [] !!! inside class: EmpServiceImpl, !! method: getEmpByID
2023-03-09 11:52:25,074 DEBUG EmpServiceImpl:51 - [] End of getEmpbyId() of employee service impl
2023-03-09 11:53:05,047 DEBUG EmpController:50 - [] Start of getAllEmployees() of employee controller class
2023-03-09 11:53:05,050 INFO  EmpController:51 - [] !!! inside class: EmployeeController, !! method: getAllEmployees
2023-03-09 11:53:05,051 DEBUG EmpController:52 - [] End of getAllEmployees() of employee controller class
2023-03-09 11:53:05,052 DEBUG EmpServiceImpl:32 - [] Start of getAllEmployees() of employee service impl
2023-03-09 11:53:05,053 INFO  EmpServiceImpl:33 - [] !!! inside class: EmpServiceImpl, !! method: getAllEmp
2023-03-09 11:53:05,053 DEBUG EmpServiceImpl:34 - [] End of getAllEmployees() of employee service impl
2023-03-09 11:53:23,183 INFO  WarehouseAppApplicationNew:17 - [] inside class !!!, Method !!!: main Method
2023-03-09 11:53:23,190 DEBUG WarehouseAppApplicationNew:18 - [] loading index page..
2023-03-09 11:53:23,191 WARN  WarehouseAppApplicationNew:19 - [] WARN level message!!
2023-03-09 11:53:23,192 ERROR WarehouseAppApplicationNew:20 - [] ERROR level message !!
2023-03-09 11:53:24,028 INFO  StartupInfoLogger:55 - [] Starting WarehouseAppApplicationNew on DESKTOP-024JAS8 with PID 6232 (C:\Users\laksh\eclipse-workspace\spring\User_App3-1\target\classes started by laksh in C:\Users\laksh\eclipse-workspace\spring\User_App3-1)
2023-03-09 11:53:24,030 DEBUG StartupInfoLogger:56 - [] Running with Spring Boot v2.3.9.RELEASE, Spring v5.2.13.RELEASE
2023-03-09 11:53:24,030 INFO  SpringApplication:655 - [] The following profiles are active: prod
2023-03-09 12:23:54,432 INFO  WarehouseAppApplicationNew:17 - [] inside class !!!, Method !!!: main Method
2023-03-09 12:23:54,444 DEBUG WarehouseAppApplicationNew:18 - [] loading index page..
2023-03-09 12:23:54,445 WARN  WarehouseAppApplicationNew:19 - [] WARN level message!!
2023-03-09 12:23:54,446 ERROR WarehouseAppApplicationNew:20 - [] ERROR level message !!
2023-03-09 12:23:55,555 INFO  StartupInfoLogger:55 - [] Starting WarehouseAppApplicationNew on DESKTOP-024JAS8 with PID 1428 (C:\Users\laksh\eclipse-workspace\spring\User_App3-1\target\classes started by laksh in C:\Users\laksh\eclipse-workspace\spring\User_App3-1)
2023-03-09 12:23:55,557 DEBUG StartupInfoLogger:56 - [] Running with Spring Boot v2.3.9.RELEASE, Spring v5.2.13.RELEASE
2023-03-09 12:23:55,557 INFO  SpringApplication:655 - [] The following profiles are active: prod
2023-03-09 12:28:17,079 INFO  WarehouseAppApplicationNew:17 - [] inside class !!!, Method !!!: main Method
2023-03-09 12:28:17,085 DEBUG WarehouseAppApplicationNew:18 - [] loading index page..
2023-03-09 12:28:17,085 WARN  WarehouseAppApplicationNew:19 - [] WARN level message!!
2023-03-09 12:28:17,086 ERROR WarehouseAppApplicationNew:20 - [] ERROR level message !!
2023-03-09 12:28:17,880 INFO  StartupInfoLogger:55 - [] Starting WarehouseAppApplicationNew on DESKTOP-024JAS8 with PID 13356 (C:\Users\laksh\eclipse-workspace\spring\User_App3-1\target\classes started by laksh in C:\Users\laksh\eclipse-workspace\spring\User_App3-1)
2023-03-09 12:28:17,881 DEBUG StartupInfoLogger:56 - [] Running with Spring Boot v2.3.9.RELEASE, Spring v5.2.13.RELEASE
2023-03-09 12:28:17,882 INFO  SpringApplication:655 - [] The following profiles are active: prod
2023-03-09 12:39:25,594 INFO  WarehouseAppApplicationNew:17 - [] inside class !!!, Method !!!: main Method
2023-03-09 12:39:25,606 DEBUG WarehouseAppApplicationNew:18 - [] loading index page..
2023-03-09 12:39:25,607 WARN  WarehouseAppApplicationNew:19 - [] WARN level message!!
2023-03-09 12:39:25,608 ERROR WarehouseAppApplicationNew:20 - [] ERROR level message !!
2023-03-09 12:39:26,443 INFO  StartupInfoLogger:55 - [] Starting WarehouseAppApplicationNew on DESKTOP-024JAS8 with PID 4208 (C:\Users\laksh\eclipse-workspace\spring\User_App3-1\target\classes started by laksh in C:\Users\laksh\eclipse-workspace\spring\User_App3-1)
2023-03-09 12:39:26,445 DEBUG StartupInfoLogger:56 - [] Running with Spring Boot v2.3.9.RELEASE, Spring v5.2.13.RELEASE
2023-03-09 12:39:26,445 INFO  SpringApplication:655 - [] The following profiles are active: prod
2023-03-09 12:47:09,065 INFO  WarehouseAppApplicationNew:17 - [] inside class !!!, Method !!!: main Method
2023-03-09 12:47:09,071 DEBUG WarehouseAppApplicationNew:18 - [] loading index page..
2023-03-09 12:47:09,072 WARN  WarehouseAppApplicationNew:19 - [] WARN level message!!
2023-03-09 12:47:09,073 ERROR WarehouseAppApplicationNew:20 - [] ERROR level message !!
2023-03-09 12:47:09,379 INFO  WarehouseAppApplicationNew:17 - [] inside class !!!, Method !!!: main Method
2023-03-09 12:47:09,381 DEBUG WarehouseAppApplicationNew:18 - [] loading index page..
2023-03-09 12:47:09,382 WARN  WarehouseAppApplicationNew:19 - [] WARN level message!!
2023-03-09 12:47:09,383 ERROR WarehouseAppApplicationNew:20 - [] ERROR level message !!
2023-03-09 12:47:10,184 INFO  StartupInfoLogger:55 - [] Starting WarehouseAppApplicationNew on DESKTOP-024JAS8 with PID 9976 (C:\Users\laksh\eclipse-workspace\spring\User_App3-1\target\classes started by laksh in C:\Users\laksh\eclipse-workspace\spring\User_App3-1)
2023-03-09 12:47:10,185 DEBUG StartupInfoLogger:56 - [] Running with Spring Boot v2.3.9.RELEASE, Spring v5.2.13.RELEASE
2023-03-09 12:47:10,186 INFO  SpringApplication:655 - [] The following profiles are active: prod
2023-03-09 12:47:18,521 INFO  StartupInfoLogger:61 - [] Started WarehouseAppApplicationNew in 9.12 seconds (JVM running for 11.003)
2023-03-09 12:50:09,728 DEBUG EmpController:34 - [] Start of saveEmp()  of employee controller class
2023-03-09 12:50:09,731 INFO  EmpController:35 - [] !!! inside class: EmployeeController, !! method: saveEmployee
2023-03-09 12:50:09,734 DEBUG EmpController:36 - [] End of saveEmp() of employee controller class
2023-03-09 12:50:09,734 DEBUG EmpServiceImpl:24 - [] Start of saveEmployee() of employee service impl
2023-03-09 12:50:09,736 INFO  EmpServiceImpl:25 - [] !!! inside class: EmpServiceImpl, !! method: saveEmp
2023-03-09 12:50:09,736 DEBUG EmpServiceImpl:26 - [] End of saveEmployee() of employee service impl
2023-03-09 12:50:09,968 ERROR EmpController:39 - [] Employee object saved successfully
2023-03-09 12:51:14,134 DEBUG EmpController:50 - [] Start of getAllEmployees() of employee controller class
2023-03-09 12:51:14,136 INFO  EmpController:51 - [] !!! inside class: EmployeeController, !! method: getAllEmployees
2023-03-09 12:51:14,137 DEBUG EmpController:52 - [] End of getAllEmployees() of employee controller class
2023-03-09 12:51:14,141 DEBUG EmpServiceImpl:32 - [] Start of getAllEmployees() of employee service impl
2023-03-09 12:51:14,144 INFO  EmpServiceImpl:33 - [] !!! inside class: EmpServiceImpl, !! method: getAllEmp
2023-03-09 12:51:14,148 DEBUG EmpServiceImpl:34 - [] End of getAllEmployees() of employee service impl
2023-03-09 12:55:46,908 DEBUG EmpController:60 - [] Start of deleteEmpbyId() of employee controller class
2023-03-09 12:55:46,909 INFO  EmpController:61 - [] !!! inside class: EmployeeController, !! method: deleteEmployeeByID
2023-03-09 12:55:46,910 DEBUG EmpController:62 - [] End of deleteEmpbyId() of employee controller class
2023-03-09 12:55:46,911 DEBUG EmpServiceImpl:40 - [] Start of deleteEmpbyId()  of employee service impl
2023-03-09 12:55:46,912 INFO  EmpServiceImpl:41 - [] !!! inside class: EmpServiceImpl, !! method: deleteEmpByID
2023-03-09 12:55:46,912 DEBUG EmpServiceImpl:42 - [] End of deleteEmpbyId() of employee service impl
2023-03-09 12:55:46,988 DEBUG EmpController:66 - [] employee deleted succesfully
2023-03-09 13:06:22,811 INFO  WarehouseAppApplicationNew:17 - [] inside class !!!, Method !!!: main Method
2023-03-09 13:06:22,812 DEBUG WarehouseAppApplicationNew:18 - [] loading index page..
2023-03-09 13:06:22,814 WARN  WarehouseAppApplicationNew:19 - [] WARN level message!!
2023-03-09 13:06:22,814 ERROR WarehouseAppApplicationNew:20 - [] ERROR level message !!
2023-03-09 13:06:22,929 INFO  StartupInfoLogger:55 - [] Starting WarehouseAppApplicationNew on DESKTOP-024JAS8 with PID 9976 (C:\Users\laksh\eclipse-workspace\spring\User_App3-1\target\classes started by laksh in C:\Users\laksh\eclipse-workspace\spring\User_App3-1)
2023-03-09 13:06:22,930 DEBUG StartupInfoLogger:56 - [] Running with Spring Boot v2.3.9.RELEASE, Spring v5.2.13.RELEASE
2023-03-09 13:06:22,930 INFO  SpringApplication:655 - [] The following profiles are active: prod
2023-03-09 13:06:25,211 INFO  StartupInfoLogger:61 - [] Started WarehouseAppApplicationNew in 2.382 seconds (JVM running for 1157.693)
2023-03-09 13:06:45,573 INFO  WarehouseAppApplicationNew:17 - [] inside class !!!, Method !!!: main Method
2023-03-09 13:06:45,573 DEBUG WarehouseAppApplicationNew:18 - [] loading index page..
2023-03-09 13:06:45,574 WARN  WarehouseAppApplicationNew:19 - [] WARN level message!!
2023-03-09 13:06:45,575 ERROR WarehouseAppApplicationNew:20 - [] ERROR level message !!
2023-03-09 13:06:45,692 INFO  StartupInfoLogger:55 - [] Starting WarehouseAppApplicationNew on DESKTOP-024JAS8 with PID 9976 (C:\Users\laksh\eclipse-workspace\spring\User_App3-1\target\classes started by laksh in C:\Users\laksh\eclipse-workspace\spring\User_App3-1)
2023-03-09 13:06:45,693 DEBUG StartupInfoLogger:56 - [] Running with Spring Boot v2.3.9.RELEASE, Spring v5.2.13.RELEASE
2023-03-09 13:06:45,694 INFO  SpringApplication:655 - [] The following profiles are active: uat
2023-03-09 13:07:25,891 INFO  WarehouseAppApplicationNew:17 - [] inside class !!!, Method !!!: main Method
2023-03-09 13:07:25,904 DEBUG WarehouseAppApplicationNew:18 - [] loading index page..
2023-03-09 13:07:25,904 WARN  WarehouseAppApplicationNew:19 - [] WARN level message!!
2023-03-09 13:07:25,905 ERROR WarehouseAppApplicationNew:20 - [] ERROR level message !!
2023-03-09 13:07:26,452 INFO  WarehouseAppApplicationNew:17 - [] inside class !!!, Method !!!: main Method
2023-03-09 13:07:26,454 DEBUG WarehouseAppApplicationNew:18 - [] loading index page..
2023-03-09 13:07:26,455 WARN  WarehouseAppApplicationNew:19 - [] WARN level message!!
2023-03-09 13:07:26,457 ERROR WarehouseAppApplicationNew:20 - [] ERROR level message !!
2023-03-09 13:07:27,347 INFO  StartupInfoLogger:55 - [] Starting WarehouseAppApplicationNew on DESKTOP-024JAS8 with PID 8892 (C:\Users\laksh\eclipse-workspace\spring\User_App3-1\target\classes started by laksh in C:\Users\laksh\eclipse-workspace\spring\User_App3-1)
2023-03-09 13:07:27,352 DEBUG StartupInfoLogger:56 - [] Running with Spring Boot v2.3.9.RELEASE, Spring v5.2.13.RELEASE
2023-03-09 13:07:27,356 INFO  SpringApplication:655 - [] The following profiles are active: uat
2023-03-09 13:14:56,673 INFO  StartupInfoLogger:55 - [] Starting WarehouseAppApplicationTests on DESKTOP-024JAS8 with PID 3856 (started by laksh in C:\Users\laksh\eclipse-workspace\spring\User_App3-1)
2023-03-09 13:14:56,680 DEBUG StartupInfoLogger:56 - [] Running with Spring Boot v2.3.9.RELEASE, Spring v5.2.13.RELEASE
2023-03-09 13:14:56,687 INFO  SpringApplication:655 - [] The following profiles are active: dev
2023-03-09 13:15:58,921 INFO  StartupInfoLogger:55 - [] Starting WarehouseAppApplicationTests on DESKTOP-024JAS8 with PID 984 (started by laksh in C:\Users\laksh\eclipse-workspace\spring\User_App3-1)
2023-03-09 13:15:58,929 DEBUG StartupInfoLogger:56 - [] Running with Spring Boot v2.3.9.RELEASE, Spring v5.2.13.RELEASE
2023-03-09 13:15:58,930 INFO  SpringApplication:655 - [] The following profiles are active: dev
2023-03-09 13:22:04,667 INFO  WarehouseAppApplicationNew:17 - [] inside class !!!, Method !!!: main Method
2023-03-09 13:22:04,678 DEBUG WarehouseAppApplicationNew:18 - [] loading index page..
2023-03-09 13:22:04,679 WARN  WarehouseAppApplicationNew:19 - [] WARN level message!!
2023-03-09 13:22:04,681 ERROR WarehouseAppApplicationNew:20 - [] ERROR level message !!
2023-03-09 13:22:04,955 INFO  WarehouseAppApplicationNew:17 - [] inside class !!!, Method !!!: main Method
2023-03-09 13:22:04,956 DEBUG WarehouseAppApplicationNew:18 - [] loading index page..
2023-03-09 13:22:04,957 WARN  WarehouseAppApplicationNew:19 - [] WARN level message!!
2023-03-09 13:22:04,959 ERROR WarehouseAppApplicationNew:20 - [] ERROR level message !!
2023-03-09 13:22:05,684 INFO  StartupInfoLogger:55 - [] Starting WarehouseAppApplicationNew on DESKTOP-024JAS8 with PID 10184 (C:\Users\laksh\eclipse-workspace\spring\User_App3-1\target\classes started by laksh in C:\Users\laksh\eclipse-workspace\spring\User_App3-1)
2023-03-09 13:22:05,685 DEBUG StartupInfoLogger:56 - [] Running with Spring Boot v2.3.9.RELEASE, Spring v5.2.13.RELEASE
2023-03-09 13:22:05,686 INFO  SpringApplication:655 - [] The following profiles are active: dev
2023-03-09 13:22:14,162 INFO  StartupInfoLogger:61 - [] Started WarehouseAppApplicationNew in 9.19 seconds (JVM running for 11.109)
2023-03-09 13:22:35,480 DEBUG EmpController:50 - [] Start of getAllEmployees() of employee controller class
2023-03-09 13:22:35,485 INFO  EmpController:51 - [] !!! inside class: EmployeeController, !! method: getAllEmployees
2023-03-09 13:22:35,486 DEBUG EmpController:52 - [] End of getAllEmployees() of employee controller class
2023-03-09 13:22:35,487 DEBUG EmpServiceImpl:32 - [] Start of getAllEmployees() of employee service impl
2023-03-09 13:22:35,492 INFO  EmpServiceImpl:33 - [] !!! inside class: EmpServiceImpl, !! method: getAllEmp
2023-03-09 13:22:35,493 DEBUG EmpServiceImpl:34 - [] End of getAllEmployees() of employee service impl
2023-03-09 13:22:57,165 INFO  WarehouseAppApplicationNew:17 - [] inside class !!!, Method !!!: main Method
2023-03-09 13:22:57,166 DEBUG WarehouseAppApplicationNew:18 - [] loading index page..
2023-03-09 13:22:57,166 WARN  WarehouseAppApplicationNew:19 - [] WARN level message!!
2023-03-09 13:22:57,167 ERROR WarehouseAppApplicationNew:20 - [] ERROR level message !!
2023-03-09 13:22:57,247 INFO  StartupInfoLogger:55 - [] Starting WarehouseAppApplicationNew on DESKTOP-024JAS8 with PID 10184 (C:\Users\laksh\eclipse-workspace\spring\User_App3-1\target\classes started by laksh in C:\Users\laksh\eclipse-workspace\spring\User_App3-1)
2023-03-09 13:22:57,247 DEBUG StartupInfoLogger:56 - [] Running with Spring Boot v2.3.9.RELEASE, Spring v5.2.13.RELEASE
2023-03-09 13:22:57,248 INFO  SpringApplication:655 - [] The following profiles are active: dev
2023-03-09 13:22:58,047 INFO  StartupInfoLogger:61 - [] Started WarehouseAppApplicationNew in 0.871 seconds (JVM running for 54.995)
2023-03-09 13:23:28,609 INFO  WarehouseAppApplicationNew:17 - [] inside class !!!, Method !!!: main Method
2023-03-09 13:23:28,610 DEBUG WarehouseAppApplicationNew:18 - [] loading index page..
2023-03-09 13:23:28,611 WARN  WarehouseAppApplicationNew:19 - [] WARN level message!!
2023-03-09 13:23:28,612 ERROR WarehouseAppApplicationNew:20 - [] ERROR level message !!
2023-03-09 13:23:28,774 INFO  StartupInfoLogger:55 - [] Starting WarehouseAppApplicationNew on DESKTOP-024JAS8 with PID 10184 (C:\Users\laksh\eclipse-workspace\spring\User_App3-1\target\classes started by laksh in C:\Users\laksh\eclipse-workspace\spring\User_App3-1)
2023-03-09 13:23:28,775 DEBUG StartupInfoLogger:56 - [] Running with Spring Boot v2.3.9.RELEASE, Spring v5.2.13.RELEASE
2023-03-09 13:23:28,776 INFO  SpringApplication:655 - [] The following profiles are active: dev
2023-03-09 13:23:30,265 INFO  StartupInfoLogger:61 - [] Started WarehouseAppApplicationNew in 1.642 seconds (JVM running for 87.212)
2023-03-09 13:23:34,288 INFO  WarehouseAppApplicationNew:17 - [] inside class !!!, Method !!!: main Method
2023-03-09 13:23:34,292 DEBUG WarehouseAppApplicationNew:18 - [] loading index page..
2023-03-09 13:23:34,292 WARN  WarehouseAppApplicationNew:19 - [] WARN level message!!
2023-03-09 13:23:34,293 ERROR WarehouseAppApplicationNew:20 - [] ERROR level message !!
2023-03-09 13:23:34,555 INFO  StartupInfoLogger:55 - [] Starting WarehouseAppApplicationNew on DESKTOP-024JAS8 with PID 10184 (C:\Users\laksh\eclipse-workspace\spring\User_App3-1\target\classes started by laksh in C:\Users\laksh\eclipse-workspace\spring\User_App3-1)
2023-03-09 13:23:34,557 DEBUG StartupInfoLogger:56 - [] Running with Spring Boot v2.3.9.RELEASE, Spring v5.2.13.RELEASE
2023-03-09 13:23:34,557 INFO  SpringApplication:655 - [] The following profiles are active: dev
2023-03-09 13:23:37,187 INFO  StartupInfoLogger:61 - [] Started WarehouseAppApplicationNew in 2.882 seconds (JVM running for 94.134)
2023-03-09 13:23:40,561 INFO  StartupInfoLogger:55 - [] Starting WarehouseAppApplicationTests on DESKTOP-024JAS8 with PID 7752 (started by laksh in C:\Users\laksh\eclipse-workspace\spring\User_App3-1)
2023-03-09 13:23:40,601 DEBUG StartupInfoLogger:56 - [] Running with Spring Boot v2.3.9.RELEASE, Spring v5.2.13.RELEASE
2023-03-09 13:23:40,602 INFO  SpringApplication:655 - [] The following profiles are active: dev
2023-03-09 13:23:53,816 INFO  StartupInfoLogger:61 - [] Started WarehouseAppApplicationTests in 14.005 seconds (JVM running for 17.257)
2023-03-09 14:49:04,281 INFO  WarehouseAppApplicationNew:17 - [] inside class !!!, Method !!!: main Method
2023-03-09 14:49:04,298 DEBUG WarehouseAppApplicationNew:18 - [] loading index page..
2023-03-09 14:49:04,300 WARN  WarehouseAppApplicationNew:19 - [] WARN level message!!
2023-03-09 14:49:04,303 ERROR WarehouseAppApplicationNew:20 - [] ERROR level message !!
2023-03-09 14:49:04,659 INFO  WarehouseAppApplicationNew:17 - [] inside class !!!, Method !!!: main Method
2023-03-09 14:49:04,660 DEBUG WarehouseAppApplicationNew:18 - [] loading index page..
2023-03-09 14:49:04,661 WARN  WarehouseAppApplicationNew:19 - [] WARN level message!!
2023-03-09 14:49:04,663 ERROR WarehouseAppApplicationNew:20 - [] ERROR level message !!
2023-03-09 14:49:05,315 INFO  StartupInfoLogger:55 - [] Starting WarehouseAppApplicationNew on DESKTOP-024JAS8 with PID 13736 (C:\Users\laksh\eclipse-workspace\spring\User_App3-1\target\classes started by laksh in C:\Users\laksh\eclipse-workspace\spring\User_App3-1)
2023-03-09 14:49:05,316 DEBUG StartupInfoLogger:56 - [] Running with Spring Boot v2.3.9.RELEASE, Spring v5.2.13.RELEASE
2023-03-09 14:49:05,317 INFO  SpringApplication:655 - [] The following profiles are active: dev
2023-03-09 14:49:13,249 INFO  StartupInfoLogger:61 - [] Started WarehouseAppApplicationNew in 8.57 seconds (JVM running for 10.821)
2023-03-09 14:49:59,776 DEBUG EmpController:34 - [] Start of saveEmp()  of employee controller class
2023-03-09 14:49:59,778 INFO  EmpController:35 - [] !!! inside class: EmployeeController, !! method: saveEmployee
2023-03-09 14:49:59,779 DEBUG EmpController:36 - [] End of saveEmp() of employee controller class
2023-03-09 14:49:59,779 DEBUG EmpServiceImpl:24 - [] Start of saveEmployee() of employee service impl
2023-03-09 14:49:59,780 INFO  EmpServiceImpl:25 - [] !!! inside class: EmpServiceImpl, !! method: saveEmp
2023-03-09 14:49:59,781 DEBUG EmpServiceImpl:26 - [] End of saveEmployee() of employee service impl
2023-03-09 14:49:59,970 ERROR EmpController:39 - [] Employee object saved successfully
2023-03-09 14:50:29,297 DEBUG EmpController:34 - [] Start of saveEmp()  of employee controller class
2023-03-09 14:50:29,298 INFO  EmpController:35 - [] !!! inside class: EmployeeController, !! method: saveEmployee
2023-03-09 14:50:29,299 DEBUG EmpController:36 - [] End of saveEmp() of employee controller class
2023-03-09 14:50:29,299 DEBUG EmpServiceImpl:24 - [] Start of saveEmployee() of employee service impl
2023-03-09 14:50:29,300 INFO  EmpServiceImpl:25 - [] !!! inside class: EmpServiceImpl, !! method: saveEmp
2023-03-09 14:50:29,301 DEBUG EmpServiceImpl:26 - [] End of saveEmployee() of employee service impl
2023-03-09 14:50:29,327 ERROR EmpController:39 - [] Employee object saved successfully
2023-03-09 14:50:51,537 DEBUG EmpController:78 - [] Start of getEmpbyId() of employee controller class
2023-03-09 14:50:51,541 INFO  EmpController:79 - [] !!! inside class: EmployeeController, !! method: getEmployeeById
2023-03-09 14:50:51,543 DEBUG EmpController:80 - [] End of getEmpbyId() of employee controller class
2023-03-09 14:50:51,543 DEBUG EmpServiceImpl:49 - [] Start of getEmpbyId()  of employee service impl
2023-03-09 14:50:51,544 INFO  EmpServiceImpl:50 - [] !!! inside class: EmpServiceImpl, !! method: getEmpByID
2023-03-09 14:50:51,545 DEBUG EmpServiceImpl:51 - [] End of getEmpbyId() of employee service impl
2023-03-09 14:52:17,346 DEBUG EmpController:88 - [] Start of updateEmployee() of employee controller class
2023-03-09 14:52:17,347 INFO  EmpController:89 - [] !!! inside class: EmployeeController, !! method: updateEmployee
2023-03-09 14:52:17,348 DEBUG EmpController:90 - [] End of updateEmployee() of employee controller class
2023-03-09 14:52:17,349 DEBUG EmpServiceImpl:24 - [] Start of saveEmployee() of employee service impl
2023-03-09 14:52:17,350 INFO  EmpServiceImpl:25 - [] !!! inside class: EmpServiceImpl, !! method: saveEmp
2023-03-09 14:52:17,350 DEBUG EmpServiceImpl:26 - [] End of saveEmployee() of employee service impl
2023-03-09 14:52:59,065 DEBUG EmpController:88 - [] Start of updateEmployee() of employee controller class
2023-03-09 14:52:59,066 INFO  EmpController:89 - [] !!! inside class: EmployeeController, !! method: updateEmployee
2023-03-09 14:52:59,067 DEBUG EmpController:90 - [] End of updateEmployee() of employee controller class
2023-03-09 14:52:59,068 DEBUG EmpServiceImpl:24 - [] Start of saveEmployee() of employee service impl
2023-03-09 14:52:59,069 INFO  EmpServiceImpl:25 - [] !!! inside class: EmpServiceImpl, !! method: saveEmp
2023-03-09 14:52:59,069 DEBUG EmpServiceImpl:26 - [] End of saveEmployee() of employee service impl
2023-03-09 14:53:28,508 DEBUG EmpController:60 - [] Start of deleteEmpbyId() of employee controller class
2023-03-09 14:53:28,509 INFO  EmpController:61 - [] !!! inside class: EmployeeController, !! method: deleteEmployeeByID
2023-03-09 14:53:28,511 DEBUG EmpController:62 - [] End of deleteEmpbyId() of employee controller class
2023-03-09 14:53:28,511 DEBUG EmpServiceImpl:40 - [] Start of deleteEmpbyId()  of employee service impl
2023-03-09 14:53:28,512 INFO  EmpServiceImpl:41 - [] !!! inside class: EmpServiceImpl, !! method: deleteEmpByID
2023-03-09 14:53:28,513 DEBUG EmpServiceImpl:42 - [] End of deleteEmpbyId() of employee service impl
2023-03-09 14:53:28,552 DEBUG EmpController:66 - [] employee deleted succesfully
2023-03-09 14:54:31,687 INFO  WarehouseAppApplicationNew:17 - [] inside class !!!, Method !!!: main Method
2023-03-09 14:54:31,688 DEBUG WarehouseAppApplicationNew:18 - [] loading index page..
2023-03-09 14:54:31,688 WARN  WarehouseAppApplicationNew:19 - [] WARN level message!!
2023-03-09 14:54:31,689 ERROR WarehouseAppApplicationNew:20 - [] ERROR level message !!
2023-03-09 14:54:31,769 INFO  StartupInfoLogger:55 - [] Starting WarehouseAppApplicationNew on DESKTOP-024JAS8 with PID 13736 (C:\Users\laksh\eclipse-workspace\spring\User_App3-1\target\classes started by laksh in C:\Users\laksh\eclipse-workspace\spring\User_App3-1)
2023-03-09 14:54:31,770 DEBUG StartupInfoLogger:56 - [] Running with Spring Boot v2.3.9.RELEASE, Spring v5.2.13.RELEASE
2023-03-09 14:54:31,770 INFO  SpringApplication:655 - [] The following profiles are active: uat
2023-03-09 14:54:33,193 INFO  StartupInfoLogger:61 - [] Started WarehouseAppApplicationNew in 1.495 seconds (JVM running for 330.765)
2023-03-09 14:54:49,406 INFO  WarehouseAppApplicationNew:17 - [] inside class !!!, Method !!!: main Method
2023-03-09 14:54:49,415 DEBUG WarehouseAppApplicationNew:18 - [] loading index page..
2023-03-09 14:54:49,416 WARN  WarehouseAppApplicationNew:19 - [] WARN level message!!
2023-03-09 14:54:49,417 ERROR WarehouseAppApplicationNew:20 - [] ERROR level message !!
2023-03-09 14:54:49,804 INFO  WarehouseAppApplicationNew:17 - [] inside class !!!, Method !!!: main Method
2023-03-09 14:54:49,805 DEBUG WarehouseAppApplicationNew:18 - [] loading index page..
2023-03-09 14:54:49,806 WARN  WarehouseAppApplicationNew:19 - [] WARN level message!!
2023-03-09 14:54:49,807 ERROR WarehouseAppApplicationNew:20 - [] ERROR level message !!
2023-03-09 14:54:50,517 INFO  StartupInfoLogger:55 - [] Starting WarehouseAppApplicationNew on DESKTOP-024JAS8 with PID 11992 (C:\Users\laksh\eclipse-workspace\spring\User_App3-1\target\classes started by laksh in C:\Users\laksh\eclipse-workspace\spring\User_App3-1)
2023-03-09 14:54:50,519 DEBUG StartupInfoLogger:56 - [] Running with Spring Boot v2.3.9.RELEASE, Spring v5.2.13.RELEASE
2023-03-09 14:54:50,519 INFO  SpringApplication:655 - [] The following profiles are active: uat
2023-03-09 14:54:57,636 INFO  StartupInfoLogger:61 - [] Started WarehouseAppApplicationNew in 7.816 seconds (JVM running for 9.84)
2023-03-09 14:56:01,938 DEBUG EmpController:34 - [] Start of saveEmp()  of employee controller class
2023-03-09 14:56:01,941 INFO  EmpController:35 - [] !!! inside class: EmployeeController, !! method: saveEmployee
2023-03-09 14:56:01,942 DEBUG EmpController:36 - [] End of saveEmp() of employee controller class
2023-03-09 14:56:01,943 DEBUG EmpServiceImpl:24 - [] Start of saveEmployee() of employee service impl
2023-03-09 14:56:01,944 INFO  EmpServiceImpl:25 - [] !!! inside class: EmpServiceImpl, !! method: saveEmp
2023-03-09 14:56:01,945 DEBUG EmpServiceImpl:26 - [] End of saveEmployee() of employee service impl
2023-03-09 14:56:02,110 ERROR EmpController:39 - [] Employee object saved successfully
2023-03-09 14:57:16,382 DEBUG EmpController:88 - [] Start of updateEmployee() of employee controller class
2023-03-09 14:57:16,384 INFO  EmpController:89 - [] !!! inside class: EmployeeController, !! method: updateEmployee
2023-03-09 14:57:16,385 DEBUG EmpController:90 - [] End of updateEmployee() of employee controller class
2023-03-09 14:57:16,386 DEBUG EmpServiceImpl:24 - [] Start of saveEmployee() of employee service impl
2023-03-09 14:57:16,387 INFO  EmpServiceImpl:25 - [] !!! inside class: EmpServiceImpl, !! method: saveEmp
2023-03-09 14:57:16,388 DEBUG EmpServiceImpl:26 - [] End of saveEmployee() of employee service impl
2023-03-09 14:58:05,092 INFO  WarehouseAppApplicationNew:17 - [] inside class !!!, Method !!!: main Method
2023-03-09 14:58:05,093 DEBUG WarehouseAppApplicationNew:18 - [] loading index page..
2023-03-09 14:58:05,093 WARN  WarehouseAppApplicationNew:19 - [] WARN level message!!
2023-03-09 14:58:05,094 ERROR WarehouseAppApplicationNew:20 - [] ERROR level message !!
2023-03-09 14:58:05,173 INFO  StartupInfoLogger:55 - [] Starting WarehouseAppApplicationNew on DESKTOP-024JAS8 with PID 11992 (C:\Users\laksh\eclipse-workspace\spring\User_App3-1\target\classes started by laksh in C:\Users\laksh\eclipse-workspace\spring\User_App3-1)
2023-03-09 14:58:05,173 DEBUG StartupInfoLogger:56 - [] Running with Spring Boot v2.3.9.RELEASE, Spring v5.2.13.RELEASE
2023-03-09 14:58:05,174 INFO  SpringApplication:655 - [] The following profiles are active: uat
2023-03-09 14:58:05,939 INFO  StartupInfoLogger:61 - [] Started WarehouseAppApplicationNew in 0.836 seconds (JVM running for 198.142)
2023-03-09 14:58:35,434 INFO  WarehouseAppApplicationNew:17 - [] inside class !!!, Method !!!: main Method
2023-03-09 14:58:35,435 DEBUG WarehouseAppApplicationNew:18 - [] loading index page..
2023-03-09 14:58:35,436 WARN  WarehouseAppApplicationNew:19 - [] WARN level message!!
2023-03-09 14:58:35,437 ERROR WarehouseAppApplicationNew:20 - [] ERROR level message !!
2023-03-09 14:58:35,653 INFO  StartupInfoLogger:55 - [] Starting WarehouseAppApplicationNew on DESKTOP-024JAS8 with PID 11992 (C:\Users\laksh\eclipse-workspace\spring\User_App3-1\target\classes started by laksh in C:\Users\laksh\eclipse-workspace\spring\User_App3-1)
2023-03-09 14:58:35,653 DEBUG StartupInfoLogger:56 - [] Running with Spring Boot v2.3.9.RELEASE, Spring v5.2.13.RELEASE
2023-03-09 14:58:35,654 INFO  SpringApplication:655 - [] The following profiles are active: uat
2023-03-09 14:58:37,143 INFO  StartupInfoLogger:61 - [] Started WarehouseAppApplicationNew in 1.671 seconds (JVM running for 229.347)
2023-03-09 14:58:41,167 INFO  WarehouseAppApplicationNew:17 - [] inside class !!!, Method !!!: main Method
2023-03-09 14:58:41,168 DEBUG WarehouseAppApplicationNew:18 - [] loading index page..
2023-03-09 14:58:41,171 WARN  WarehouseAppApplicationNew:19 - [] WARN level message!!
2023-03-09 14:58:41,172 ERROR WarehouseAppApplicationNew:20 - [] ERROR level message !!
2023-03-09 14:58:41,544 INFO  StartupInfoLogger:55 - [] Starting WarehouseAppApplicationNew on DESKTOP-024JAS8 with PID 11992 (C:\Users\laksh\eclipse-workspace\spring\User_App3-1\target\classes started by laksh in C:\Users\laksh\eclipse-workspace\spring\User_App3-1)
2023-03-09 14:58:41,545 DEBUG StartupInfoLogger:56 - [] Running with Spring Boot v2.3.9.RELEASE, Spring v5.2.13.RELEASE
2023-03-09 14:58:41,546 INFO  SpringApplication:655 - [] The following profiles are active: uat
2023-03-09 14:58:44,487 INFO  StartupInfoLogger:61 - [] Started WarehouseAppApplicationNew in 3.301 seconds (JVM running for 236.69)
2023-03-09 14:58:47,692 INFO  StartupInfoLogger:55 - [] Starting WarehouseAppApplicationTests on DESKTOP-024JAS8 with PID 15040 (started by laksh in C:\Users\laksh\eclipse-workspace\spring\User_App3-1)
2023-03-09 14:58:47,707 DEBUG StartupInfoLogger:56 - [] Running with Spring Boot v2.3.9.RELEASE, Spring v5.2.13.RELEASE
2023-03-09 14:58:47,708 INFO  SpringApplication:655 - [] The following profiles are active: uat
2023-03-09 14:59:01,688 INFO  StartupInfoLogger:61 - [] Started WarehouseAppApplicationTests in 14.695 seconds (JVM running for 17.61)
2023-03-09 15:11:49,881 INFO  WarehouseAppApplicationNew:17 - [] inside class !!!, Method !!!: main Method
2023-03-09 15:11:49,881 DEBUG WarehouseAppApplicationNew:18 - [] loading index page..
2023-03-09 15:11:49,882 WARN  WarehouseAppApplicationNew:19 - [] WARN level message!!
2023-03-09 15:11:49,883 ERROR WarehouseAppApplicationNew:20 - [] ERROR level message !!
2023-03-09 15:11:49,961 INFO  StartupInfoLogger:55 - [] Starting WarehouseAppApplicationNew on DESKTOP-024JAS8 with PID 11992 (C:\Users\laksh\eclipse-workspace\spring\User_App3-1\target\classes started by laksh in C:\Users\laksh\eclipse-workspace\spring\User_App3-1)
2023-03-09 15:11:49,962 DEBUG StartupInfoLogger:56 - [] Running with Spring Boot v2.3.9.RELEASE, Spring v5.2.13.RELEASE
2023-03-09 15:11:49,963 INFO  SpringApplication:655 - [] The following profiles are active: uat
2023-03-09 15:11:51,940 INFO  StartupInfoLogger:61 - [] Started WarehouseAppApplicationNew in 2.044 seconds (JVM running for 1024.143)
2023-03-09 15:14:18,892 INFO  WarehouseAppApplicationNew:17 - [] inside class !!!, Method !!!: main Method
2023-03-09 15:14:18,893 DEBUG WarehouseAppApplicationNew:18 - [] loading index page..
2023-03-09 15:14:18,894 WARN  WarehouseAppApplicationNew:19 - [] WARN level message!!
2023-03-09 15:14:18,894 ERROR WarehouseAppApplicationNew:20 - [] ERROR level message !!
2023-03-09 15:14:18,965 INFO  StartupInfoLogger:55 - [] Starting WarehouseAppApplicationNew on DESKTOP-024JAS8 with PID 11992 (C:\Users\laksh\eclipse-workspace\spring\User_App3-1\target\classes started by laksh in C:\Users\laksh\eclipse-workspace\spring\User_App3-1)
2023-03-09 15:14:18,966 DEBUG StartupInfoLogger:56 - [] Running with Spring Boot v2.3.9.RELEASE, Spring v5.2.13.RELEASE
2023-03-09 15:14:18,966 INFO  SpringApplication:655 - [] The following profiles are active: uat
2023-03-09 15:14:20,183 INFO  StartupInfoLogger:61 - [] Started WarehouseAppApplicationNew in 1.279 seconds (JVM running for 1172.386)
2023-03-09 15:14:46,915 INFO  WarehouseAppApplicationNew:17 - [] inside class !!!, Method !!!: main Method
2023-03-09 15:14:46,916 DEBUG WarehouseAppApplicationNew:18 - [] loading index page..
2023-03-09 15:14:46,916 WARN  WarehouseAppApplicationNew:19 - [] WARN level message!!
2023-03-09 15:14:46,917 ERROR WarehouseAppApplicationNew:20 - [] ERROR level message !!
2023-03-09 15:14:46,985 INFO  StartupInfoLogger:55 - [] Starting WarehouseAppApplicationNew on DESKTOP-024JAS8 with PID 11992 (C:\Users\laksh\eclipse-workspace\spring\User_App3-1\target\classes started by laksh in C:\Users\laksh\eclipse-workspace\spring\User_App3-1)
2023-03-09 15:14:46,985 DEBUG StartupInfoLogger:56 - [] Running with Spring Boot v2.3.9.RELEASE, Spring v5.2.13.RELEASE
2023-03-09 15:14:46,986 INFO  SpringApplication:655 - [] The following profiles are active: uat
2023-03-09 15:14:48,175 INFO  StartupInfoLogger:61 - [] Started WarehouseAppApplicationNew in 1.247 seconds (JVM running for 1200.378)
2023-03-09 15:15:31,375 INFO  WarehouseAppApplicationNew:17 - [] inside class !!!, Method !!!: main Method
2023-03-09 15:15:31,376 DEBUG WarehouseAppApplicationNew:18 - [] loading index page..
2023-03-09 15:15:31,377 WARN  WarehouseAppApplicationNew:19 - [] WARN level message!!
2023-03-09 15:15:31,378 ERROR WarehouseAppApplicationNew:20 - [] ERROR level message !!
2023-03-09 15:15:31,459 INFO  StartupInfoLogger:55 - [] Starting WarehouseAppApplicationNew on DESKTOP-024JAS8 with PID 11992 (C:\Users\laksh\eclipse-workspace\spring\User_App3-1\target\classes started by laksh in C:\Users\laksh\eclipse-workspace\spring\User_App3-1)
2023-03-09 15:15:31,460 DEBUG StartupInfoLogger:56 - [] Running with Spring Boot v2.3.9.RELEASE, Spring v5.2.13.RELEASE
2023-03-09 15:15:31,460 INFO  SpringApplication:655 - [] The following profiles are active: uat
2023-03-09 15:15:32,679 INFO  StartupInfoLogger:61 - [] Started WarehouseAppApplicationNew in 1.289 seconds (JVM running for 1244.882)
2023-03-09 15:15:38,596 INFO  WarehouseAppApplicationNew:17 - [] inside class !!!, Method !!!: main Method
2023-03-09 15:15:38,597 DEBUG WarehouseAppApplicationNew:18 - [] loading index page..
2023-03-09 15:15:38,598 WARN  WarehouseAppApplicationNew:19 - [] WARN level message!!
2023-03-09 15:15:38,599 ERROR WarehouseAppApplicationNew:20 - [] ERROR level message !!
2023-03-09 15:15:38,665 INFO  StartupInfoLogger:55 - [] Starting WarehouseAppApplicationNew on DESKTOP-024JAS8 with PID 11992 (C:\Users\laksh\eclipse-workspace\spring\User_App3-1\target\classes started by laksh in C:\Users\laksh\eclipse-workspace\spring\User_App3-1)
2023-03-09 15:15:38,665 DEBUG StartupInfoLogger:56 - [] Running with Spring Boot v2.3.9.RELEASE, Spring v5.2.13.RELEASE
2023-03-09 15:15:38,665 INFO  SpringApplication:655 - [] The following profiles are active: uat
2023-03-09 15:15:39,861 INFO  StartupInfoLogger:61 - [] Started WarehouseAppApplicationNew in 1.254 seconds (JVM running for 1252.064)
2023-03-09 15:39:16,636 INFO  WarehouseAppApplicationNew:17 - [] inside class !!!, Method !!!: main Method
2023-03-09 15:39:16,636 DEBUG WarehouseAppApplicationNew:18 - [] loading index page..
2023-03-09 15:39:16,637 WARN  WarehouseAppApplicationNew:19 - [] WARN level message!!
2023-03-09 15:39:16,638 ERROR WarehouseAppApplicationNew:20 - [] ERROR level message !!
2023-03-09 15:39:16,712 INFO  StartupInfoLogger:55 - [] Starting WarehouseAppApplicationNew on DESKTOP-024JAS8 with PID 11992 (C:\Users\laksh\eclipse-workspace\spring\User_App3-1\target\classes started by laksh in C:\Users\laksh\eclipse-workspace\spring\User_App3-1)
2023-03-09 15:39:16,713 DEBUG StartupInfoLogger:56 - [] Running with Spring Boot v2.3.9.RELEASE, Spring v5.2.13.RELEASE
2023-03-09 15:39:16,713 INFO  SpringApplication:655 - [] The following profiles are active: uat
2023-03-09 15:39:17,934 INFO  StartupInfoLogger:61 - [] Started WarehouseAppApplicationNew in 1.284 seconds (JVM running for 2670.138)
2023-03-09 15:44:49,334 INFO  StartupInfoLogger:55 - [] Starting WarehouseAppApplicationTests on DESKTOP-024JAS8 with PID 5216 (started by laksh in C:\Users\laksh\eclipse-workspace\spring\User_App3-1)
2023-03-09 15:44:49,343 DEBUG StartupInfoLogger:56 - [] Running with Spring Boot v2.3.9.RELEASE, Spring v5.2.13.RELEASE
2023-03-09 15:44:49,358 INFO  SpringApplication:655 - [] The following profiles are active: uat
2023-03-09 15:45:03,067 INFO  StartupInfoLogger:61 - [] Started WarehouseAppApplicationTests in 14.472 seconds (JVM running for 17.347)
2023-03-09 15:46:02,585 INFO  StartupInfoLogger:55 - [] Starting WarehouseAppApplicationTests on DESKTOP-024JAS8 with PID 9404 (started by laksh in C:\Users\laksh\eclipse-workspace\spring\User_App3-1)
2023-03-09 15:46:02,594 DEBUG StartupInfoLogger:56 - [] Running with Spring Boot v2.3.9.RELEASE, Spring v5.2.13.RELEASE
2023-03-09 15:46:02,595 INFO  SpringApplication:655 - [] The following profiles are active: uat
2023-03-09 15:46:17,144 INFO  StartupInfoLogger:61 - [] Started WarehouseAppApplicationTests in 15.316 seconds (JVM running for 18.074)
2023-03-09 15:47:26,116 INFO  StartupInfoLogger:55 - [] Starting WarehouseAppApplicationTests on DESKTOP-024JAS8 with PID 9688 (started by laksh in C:\Users\laksh\eclipse-workspace\spring\User_App3-1)
2023-03-09 15:47:26,129 DEBUG StartupInfoLogger:56 - [] Running with Spring Boot v2.3.9.RELEASE, Spring v5.2.13.RELEASE
2023-03-09 15:47:26,130 INFO  SpringApplication:655 - [] The following profiles are active: uat
2023-03-09 15:47:39,450 INFO  StartupInfoLogger:61 - [] Started WarehouseAppApplicationTests in 14.117 seconds (JVM running for 17.185)
2023-03-09 15:50:23,756 INFO  StartupInfoLogger:55 - [] Starting WarehouseAppApplicationTests on DESKTOP-024JAS8 with PID 7488 (started by laksh in C:\Users\laksh\eclipse-workspace\spring\User_App3-1)
2023-03-09 15:50:23,763 DEBUG StartupInfoLogger:56 - [] Running with Spring Boot v2.3.9.RELEASE, Spring v5.2.13.RELEASE
2023-03-09 15:50:23,764 INFO  SpringApplication:655 - [] The following profiles are active: dev
2023-03-09 15:50:36,391 INFO  StartupInfoLogger:61 - [] Started WarehouseAppApplicationTests in 13.417 seconds (JVM running for 16.212)
2023-03-09 15:57:54,382 INFO  StartupInfoLogger:55 - [] Starting WarehouseAppApplicationTests on DESKTOP-024JAS8 with PID 5936 (started by laksh in C:\Users\laksh\eclipse-workspace\spring\User_App3-1)
2023-03-09 15:57:54,390 DEBUG StartupInfoLogger:56 - [] Running with Spring Boot v2.3.9.RELEASE, Spring v5.2.13.RELEASE
2023-03-09 15:57:54,392 INFO  SpringApplication:655 - [] The following profiles are active: dev
2023-03-09 15:58:09,134 INFO  StartupInfoLogger:61 - [] Started WarehouseAppApplicationTests in 15.58 seconds (JVM running for 18.805)
