2023-03-07 11:49:37,548 INFO  WarehouseAppApplicationNew:15 - [] inside class !!!, Method !!!: main Method
2023-03-07 11:49:37,559 DEBUG WarehouseAppApplicationNew:16 - [] loading index page..
2023-03-07 11:49:37,560 WARN  WarehouseAppApplicationNew:17 - [] WARN level message!!
2023-03-07 11:49:37,561 ERROR WarehouseAppApplicationNew:18 - [] ERROR level message !!
2023-03-07 11:49:37,907 INFO  WarehouseAppApplicationNew:15 - [] inside class !!!, Method !!!: main Method
2023-03-07 11:49:37,909 DEBUG WarehouseAppApplicationNew:16 - [] loading index page..
2023-03-07 11:49:37,909 WARN  WarehouseAppApplicationNew:17 - [] WARN level message!!
2023-03-07 11:49:37,910 ERROR WarehouseAppApplicationNew:18 - [] ERROR level message !!
2023-03-07 11:49:38,516 INFO  StartupInfoLogger:55 - [] Starting WarehouseAppApplicationNew on DESKTOP-024JAS8 with PID 3564 (C:\Users\laksh\eclipse-workspace\spring\User_App3\target\classes started by laksh in C:\Users\laksh\eclipse-workspace\spring\User_App3)
2023-03-07 11:49:38,517 DEBUG StartupInfoLogger:56 - [] Running with Spring Boot v2.3.9.RELEASE, Spring v5.2.13.RELEASE
2023-03-07 11:49:38,519 INFO  SpringApplication:651 - [] No active profile set, falling back to default profiles: default
2023-03-07 11:49:45,612 INFO  StartupInfoLogger:61 - [] Started WarehouseAppApplicationNew in 7.685 seconds (JVM running for 9.476)
2023-03-07 11:50:26,730 DEBUG EmpController:50 - [] Start of getAllEmployees() of employee controller class
2023-03-07 11:50:26,734 INFO  EmpController:51 - [] !!! inside class: EmployeeController, !! method: getAllEmployees
2023-03-07 11:50:26,737 DEBUG EmpController:52 - [] End of getAllEmployees() of employee controller class
2023-03-07 11:50:26,738 DEBUG EmpServiceImpl:32 - [] Start of getAllEmployees() of employee service impl
2023-03-07 11:50:26,739 INFO  EmpServiceImpl:33 - [] !!! inside class: EmpServiceImpl, !! method: getAllEmp
2023-03-07 11:50:26,740 DEBUG EmpServiceImpl:34 - [] End of getAllEmployees() of employee service impl
2023-03-07 11:51:15,443 DEBUG EmpController:34 - [] Start of saveEmp()  of employee controller class
2023-03-07 11:51:15,444 INFO  EmpController:35 - [] !!! inside class: EmployeeController, !! method: saveEmployee
2023-03-07 11:51:15,445 DEBUG EmpController:36 - [] End of saveEmp() of employee controller class
2023-03-07 11:51:15,446 DEBUG EmpServiceImpl:24 - [] Start of saveEmployee() of employee service impl
2023-03-07 11:51:15,447 INFO  EmpServiceImpl:25 - [] !!! inside class: EmpServiceImpl, !! method: saveEmp
2023-03-07 11:51:15,447 DEBUG EmpServiceImpl:26 - [] End of saveEmployee() of employee service impl
2023-03-07 11:52:54,478 DEBUG EmpController:60 - [] Start of deleteEmpbyId() of employee controller class
2023-03-07 11:52:54,479 INFO  EmpController:61 - [] !!! inside class: EmployeeController, !! method: deleteEmployeeByID
2023-03-07 11:52:54,481 DEBUG EmpController:62 - [] End of deleteEmpbyId() of employee controller class
2023-03-07 11:52:54,482 DEBUG EmpServiceImpl:40 - [] Start of deleteEmpbyId()  of employee service impl
2023-03-07 11:52:54,484 INFO  EmpServiceImpl:41 - [] !!! inside class: EmpServiceImpl, !! method: deleteEmpByID
2023-03-07 11:52:54,485 DEBUG EmpServiceImpl:42 - [] End of deleteEmpbyId() of employee service impl
2023-03-07 11:52:54,503 ERROR EmpController:69 - [] Employee failed to delete
2023-03-07 11:54:14,297 INFO  WarehouseAppApplicationNew:15 - [] inside class !!!, Method !!!: main Method
2023-03-07 11:54:14,298 DEBUG WarehouseAppApplicationNew:16 - [] loading index page..
2023-03-07 11:54:14,298 WARN  WarehouseAppApplicationNew:17 - [] WARN level message!!
2023-03-07 11:54:14,299 ERROR WarehouseAppApplicationNew:18 - [] ERROR level message !!
2023-03-07 11:54:14,517 INFO  StartupInfoLogger:55 - [] Starting WarehouseAppApplicationNew on DESKTOP-024JAS8 with PID 3564 (C:\Users\laksh\eclipse-workspace\spring\User_App3\target\classes started by laksh in C:\Users\laksh\eclipse-workspace\spring\User_App3)
2023-03-07 11:54:14,517 DEBUG StartupInfoLogger:56 - [] Running with Spring Boot v2.3.9.RELEASE, Spring v5.2.13.RELEASE
2023-03-07 11:54:14,519 INFO  SpringApplication:651 - [] No active profile set, falling back to default profiles: default
2023-03-07 11:54:16,184 INFO  StartupInfoLogger:61 - [] Started WarehouseAppApplicationNew in 1.853 seconds (JVM running for 280.049)
2023-03-07 11:55:03,878 DEBUG EmpController:34 - [] Start of saveEmp()  of employee controller class
2023-03-07 11:55:03,882 INFO  EmpController:35 - [] !!! inside class: EmployeeController, !! method: saveEmployee
2023-03-07 11:55:03,883 DEBUG EmpController:36 - [] End of saveEmp() of employee controller class
2023-03-07 11:55:03,884 DEBUG EmpServiceImpl:24 - [] Start of saveEmployee() of employee service impl
2023-03-07 11:55:03,885 INFO  EmpServiceImpl:25 - [] !!! inside class: EmpServiceImpl, !! method: saveEmp
2023-03-07 11:55:03,886 DEBUG EmpServiceImpl:26 - [] End of saveEmployee() of employee service impl
2023-03-07 11:56:12,398 INFO  WarehouseAppApplicationNew:15 - [] inside class !!!, Method !!!: main Method
2023-03-07 11:56:12,399 DEBUG WarehouseAppApplicationNew:16 - [] loading index page..
2023-03-07 11:56:12,400 WARN  WarehouseAppApplicationNew:17 - [] WARN level message!!
2023-03-07 11:56:12,400 ERROR WarehouseAppApplicationNew:18 - [] ERROR level message !!
2023-03-07 11:56:12,476 INFO  StartupInfoLogger:55 - [] Starting WarehouseAppApplicationNew on DESKTOP-024JAS8 with PID 3564 (C:\Users\laksh\eclipse-workspace\spring\User_App3\target\classes started by laksh in C:\Users\laksh\eclipse-workspace\spring\User_App3)
2023-03-07 11:56:12,476 DEBUG StartupInfoLogger:56 - [] Running with Spring Boot v2.3.9.RELEASE, Spring v5.2.13.RELEASE
2023-03-07 11:56:12,476 INFO  SpringApplication:651 - [] No active profile set, falling back to default profiles: default
2023-03-07 11:56:13,743 INFO  StartupInfoLogger:61 - [] Started WarehouseAppApplicationNew in 1.335 seconds (JVM running for 397.607)
2023-03-07 11:56:50,753 INFO  WarehouseAppApplicationNew:15 - [] inside class !!!, Method !!!: main Method
2023-03-07 11:56:50,754 DEBUG WarehouseAppApplicationNew:16 - [] loading index page..
2023-03-07 11:56:50,755 WARN  WarehouseAppApplicationNew:17 - [] WARN level message!!
2023-03-07 11:56:50,756 ERROR WarehouseAppApplicationNew:18 - [] ERROR level message !!
2023-03-07 11:56:50,835 INFO  StartupInfoLogger:55 - [] Starting WarehouseAppApplicationNew on DESKTOP-024JAS8 with PID 3564 (C:\Users\laksh\eclipse-workspace\spring\User_App3\target\classes started by laksh in C:\Users\laksh\eclipse-workspace\spring\User_App3)
2023-03-07 11:56:50,835 DEBUG StartupInfoLogger:56 - [] Running with Spring Boot v2.3.9.RELEASE, Spring v5.2.13.RELEASE
2023-03-07 11:56:50,836 INFO  SpringApplication:651 - [] No active profile set, falling back to default profiles: default
2023-03-07 11:56:52,180 INFO  StartupInfoLogger:61 - [] Started WarehouseAppApplicationNew in 1.414 seconds (JVM running for 436.045)
2023-03-07 11:57:12,932 INFO  WarehouseAppApplicationNew:15 - [] inside class !!!, Method !!!: main Method
2023-03-07 11:57:12,940 DEBUG WarehouseAppApplicationNew:16 - [] loading index page..
2023-03-07 11:57:12,941 WARN  WarehouseAppApplicationNew:17 - [] WARN level message!!
2023-03-07 11:57:12,941 ERROR WarehouseAppApplicationNew:18 - [] ERROR level message !!
2023-03-07 11:57:13,215 INFO  WarehouseAppApplicationNew:15 - [] inside class !!!, Method !!!: main Method
2023-03-07 11:57:13,217 DEBUG WarehouseAppApplicationNew:16 - [] loading index page..
2023-03-07 11:57:13,217 WARN  WarehouseAppApplicationNew:17 - [] WARN level message!!
2023-03-07 11:57:13,218 ERROR WarehouseAppApplicationNew:18 - [] ERROR level message !!
2023-03-07 11:57:13,823 INFO  StartupInfoLogger:55 - [] Starting WarehouseAppApplicationNew on DESKTOP-024JAS8 with PID 6816 (C:\Users\laksh\eclipse-workspace\spring\User_App3\target\classes started by laksh in C:\Users\laksh\eclipse-workspace\spring\User_App3)
2023-03-07 11:57:13,825 DEBUG StartupInfoLogger:56 - [] Running with Spring Boot v2.3.9.RELEASE, Spring v5.2.13.RELEASE
2023-03-07 11:57:13,826 INFO  SpringApplication:651 - [] No active profile set, falling back to default profiles: default
2023-03-07 11:57:20,673 INFO  StartupInfoLogger:61 - [] Started WarehouseAppApplicationNew in 7.44 seconds (JVM running for 9.142)
2023-03-07 12:02:46,663 INFO  WarehouseAppApplicationNew:21 - [] inside class !!!, Method !!!: main Method
2023-03-07 12:02:46,664 DEBUG WarehouseAppApplicationNew:22 - [] loading index page..
2023-03-07 12:02:46,666 WARN  WarehouseAppApplicationNew:23 - [] WARN level message!!
2023-03-07 12:02:46,668 ERROR WarehouseAppApplicationNew:24 - [] ERROR level message !!
2023-03-07 12:02:46,756 INFO  StartupInfoLogger:55 - [] Starting WarehouseAppApplicationNew on DESKTOP-024JAS8 with PID 6816 (C:\Users\laksh\eclipse-workspace\spring\User_App3\target\classes started by laksh in C:\Users\laksh\eclipse-workspace\spring\User_App3)
2023-03-07 12:02:46,757 DEBUG StartupInfoLogger:56 - [] Running with Spring Boot v2.3.9.RELEASE, Spring v5.2.13.RELEASE
2023-03-07 12:02:46,757 INFO  SpringApplication:651 - [] No active profile set, falling back to default profiles: default
2023-03-07 12:04:23,975 INFO  WarehouseAppApplicationNew:21 - [] inside class !!!, Method !!!: main Method
2023-03-07 12:04:23,979 DEBUG WarehouseAppApplicationNew:22 - [] loading index page..
2023-03-07 12:04:23,980 WARN  WarehouseAppApplicationNew:23 - [] WARN level message!!
2023-03-07 12:04:23,982 ERROR WarehouseAppApplicationNew:24 - [] ERROR level message !!
2023-03-07 12:04:24,089 INFO  StartupInfoLogger:55 - [] Starting WarehouseAppApplicationNew on DESKTOP-024JAS8 with PID 6816 (C:\Users\laksh\eclipse-workspace\spring\User_App3\target\classes started by laksh in C:\Users\laksh\eclipse-workspace\spring\User_App3)
2023-03-07 12:04:24,089 DEBUG StartupInfoLogger:56 - [] Running with Spring Boot v2.3.9.RELEASE, Spring v5.2.13.RELEASE
2023-03-07 12:04:24,090 INFO  SpringApplication:651 - [] No active profile set, falling back to default profiles: default
2023-03-07 12:06:02,185 INFO  WarehouseAppApplicationNew:17 - [] inside class !!!, Method !!!: main Method
2023-03-07 12:06:02,188 DEBUG WarehouseAppApplicationNew:18 - [] loading index page..
2023-03-07 12:06:02,189 WARN  WarehouseAppApplicationNew:19 - [] WARN level message!!
2023-03-07 12:06:02,190 ERROR WarehouseAppApplicationNew:20 - [] ERROR level message !!
2023-03-07 12:06:02,283 INFO  StartupInfoLogger:55 - [] Starting WarehouseAppApplicationNew on DESKTOP-024JAS8 with PID 6816 (C:\Users\laksh\eclipse-workspace\spring\User_App3\target\classes started by laksh in C:\Users\laksh\eclipse-workspace\spring\User_App3)
2023-03-07 12:06:02,284 DEBUG StartupInfoLogger:56 - [] Running with Spring Boot v2.3.9.RELEASE, Spring v5.2.13.RELEASE
2023-03-07 12:06:02,285 INFO  SpringApplication:651 - [] No active profile set, falling back to default profiles: default
2023-03-07 12:06:03,719 INFO  StartupInfoLogger:61 - [] Started WarehouseAppApplicationNew in 1.517 seconds (JVM running for 532.187)
2023-03-07 12:06:17,389 INFO  WarehouseAppApplicationNew:17 - [] inside class !!!, Method !!!: main Method
2023-03-07 12:06:17,397 DEBUG WarehouseAppApplicationNew:18 - [] loading index page..
2023-03-07 12:06:17,398 WARN  WarehouseAppApplicationNew:19 - [] WARN level message!!
2023-03-07 12:06:17,399 ERROR WarehouseAppApplicationNew:20 - [] ERROR level message !!
2023-03-07 12:06:17,689 INFO  WarehouseAppApplicationNew:17 - [] inside class !!!, Method !!!: main Method
2023-03-07 12:06:17,690 DEBUG WarehouseAppApplicationNew:18 - [] loading index page..
2023-03-07 12:06:17,691 WARN  WarehouseAppApplicationNew:19 - [] WARN level message!!
2023-03-07 12:06:17,692 ERROR WarehouseAppApplicationNew:20 - [] ERROR level message !!
2023-03-07 12:06:18,343 INFO  StartupInfoLogger:55 - [] Starting WarehouseAppApplicationNew on DESKTOP-024JAS8 with PID 352 (C:\Users\laksh\eclipse-workspace\spring\User_App3\target\classes started by laksh in C:\Users\laksh\eclipse-workspace\spring\User_App3)
2023-03-07 12:06:18,345 DEBUG StartupInfoLogger:56 - [] Running with Spring Boot v2.3.9.RELEASE, Spring v5.2.13.RELEASE
2023-03-07 12:06:18,346 INFO  SpringApplication:651 - [] No active profile set, falling back to default profiles: default
2023-03-07 12:06:25,452 INFO  StartupInfoLogger:61 - [] Started WarehouseAppApplicationNew in 7.746 seconds (JVM running for 9.545)
2023-03-07 12:08:19,233 INFO  WarehouseAppApplicationNew:17 - [] inside class !!!, Method !!!: main Method
2023-03-07 12:08:19,235 DEBUG WarehouseAppApplicationNew:18 - [] loading index page..
2023-03-07 12:08:19,236 WARN  WarehouseAppApplicationNew:19 - [] WARN level message!!
2023-03-07 12:08:19,237 ERROR WarehouseAppApplicationNew:20 - [] ERROR level message !!
2023-03-07 12:08:19,450 INFO  StartupInfoLogger:55 - [] Starting WarehouseAppApplicationNew on DESKTOP-024JAS8 with PID 352 (C:\Users\laksh\eclipse-workspace\spring\User_App3\target\classes started by laksh in C:\Users\laksh\eclipse-workspace\spring\User_App3)
2023-03-07 12:08:19,451 DEBUG StartupInfoLogger:56 - [] Running with Spring Boot v2.3.9.RELEASE, Spring v5.2.13.RELEASE
2023-03-07 12:08:19,452 INFO  SpringApplication:651 - [] No active profile set, falling back to default profiles: default
2023-03-07 12:08:21,593 INFO  StartupInfoLogger:61 - [] Started WarehouseAppApplicationNew in 2.343 seconds (JVM running for 125.687)
2023-03-07 12:08:37,827 INFO  WarehouseAppApplicationNew:17 - [] inside class !!!, Method !!!: main Method
2023-03-07 12:08:37,827 DEBUG WarehouseAppApplicationNew:18 - [] loading index page..
2023-03-07 12:08:37,828 WARN  WarehouseAppApplicationNew:19 - [] WARN level message!!
2023-03-07 12:08:37,829 ERROR WarehouseAppApplicationNew:20 - [] ERROR level message !!
2023-03-07 12:08:37,915 INFO  StartupInfoLogger:55 - [] Starting WarehouseAppApplicationNew on DESKTOP-024JAS8 with PID 352 (C:\Users\laksh\eclipse-workspace\spring\User_App3\target\classes started by laksh in C:\Users\laksh\eclipse-workspace\spring\User_App3)
2023-03-07 12:08:37,916 DEBUG StartupInfoLogger:56 - [] Running with Spring Boot v2.3.9.RELEASE, Spring v5.2.13.RELEASE
2023-03-07 12:08:37,916 INFO  SpringApplication:651 - [] No active profile set, falling back to default profiles: default
2023-03-07 12:08:39,118 INFO  StartupInfoLogger:61 - [] Started WarehouseAppApplicationNew in 1.279 seconds (JVM running for 143.211)
2023-03-07 12:08:58,663 INFO  WarehouseAppApplicationNew:17 - [] inside class !!!, Method !!!: main Method
2023-03-07 12:08:58,676 DEBUG WarehouseAppApplicationNew:18 - [] loading index page..
2023-03-07 12:08:58,677 WARN  WarehouseAppApplicationNew:19 - [] WARN level message!!
2023-03-07 12:08:58,679 ERROR WarehouseAppApplicationNew:20 - [] ERROR level message !!
2023-03-07 12:08:58,955 INFO  WarehouseAppApplicationNew:17 - [] inside class !!!, Method !!!: main Method
2023-03-07 12:08:58,956 DEBUG WarehouseAppApplicationNew:18 - [] loading index page..
2023-03-07 12:08:58,957 WARN  WarehouseAppApplicationNew:19 - [] WARN level message!!
2023-03-07 12:08:58,959 ERROR WarehouseAppApplicationNew:20 - [] ERROR level message !!
2023-03-07 12:08:59,544 INFO  StartupInfoLogger:55 - [] Starting WarehouseAppApplicationNew on DESKTOP-024JAS8 with PID 4760 (C:\Users\laksh\eclipse-workspace\spring\User_App3\target\classes started by laksh in C:\Users\laksh\eclipse-workspace\spring\User_App3)
2023-03-07 12:08:59,545 DEBUG StartupInfoLogger:56 - [] Running with Spring Boot v2.3.9.RELEASE, Spring v5.2.13.RELEASE
2023-03-07 12:08:59,547 INFO  SpringApplication:651 - [] No active profile set, falling back to default profiles: default
2023-03-07 12:09:06,564 INFO  StartupInfoLogger:61 - [] Started WarehouseAppApplicationNew in 7.591 seconds (JVM running for 9.398)
2023-03-07 12:09:43,221 INFO  WarehouseAppApplicationNew:17 - [] inside class !!!, Method !!!: main Method
2023-03-07 12:09:43,222 DEBUG WarehouseAppApplicationNew:18 - [] loading index page..
2023-03-07 12:09:43,223 WARN  WarehouseAppApplicationNew:19 - [] WARN level message!!
2023-03-07 12:09:43,225 ERROR WarehouseAppApplicationNew:20 - [] ERROR level message !!
2023-03-07 12:09:43,309 INFO  StartupInfoLogger:55 - [] Starting WarehouseAppApplicationNew on DESKTOP-024JAS8 with PID 4760 (C:\Users\laksh\eclipse-workspace\spring\User_App3\target\classes started by laksh in C:\Users\laksh\eclipse-workspace\spring\User_App3)
2023-03-07 12:09:43,310 DEBUG StartupInfoLogger:56 - [] Running with Spring Boot v2.3.9.RELEASE, Spring v5.2.13.RELEASE
2023-03-07 12:09:43,310 INFO  SpringApplication:651 - [] No active profile set, falling back to default profiles: default
2023-03-07 12:09:44,807 INFO  StartupInfoLogger:61 - [] Started WarehouseAppApplicationNew in 1.571 seconds (JVM running for 47.642)
2023-03-07 12:12:20,287 INFO  WarehouseAppApplicationNew:17 - [] inside class !!!, Method !!!: main Method
2023-03-07 12:12:20,288 DEBUG WarehouseAppApplicationNew:18 - [] loading index page..
2023-03-07 12:12:20,306 WARN  WarehouseAppApplicationNew:19 - [] WARN level message!!
2023-03-07 12:12:20,308 ERROR WarehouseAppApplicationNew:20 - [] ERROR level message !!
2023-03-07 12:12:20,433 INFO  StartupInfoLogger:55 - [] Starting WarehouseAppApplicationNew on DESKTOP-024JAS8 with PID 4760 (C:\Users\laksh\eclipse-workspace\spring\User_App3\target\classes started by laksh in C:\Users\laksh\eclipse-workspace\spring\User_App3)
2023-03-07 12:12:20,433 DEBUG StartupInfoLogger:56 - [] Running with Spring Boot v2.3.9.RELEASE, Spring v5.2.13.RELEASE
2023-03-07 12:12:20,434 INFO  SpringApplication:651 - [] No active profile set, falling back to default profiles: default
2023-03-07 12:12:21,745 INFO  StartupInfoLogger:61 - [] Started WarehouseAppApplicationNew in 1.425 seconds (JVM running for 204.579)
2023-03-07 12:12:39,041 INFO  WarehouseAppApplicationNew:17 - [] inside class !!!, Method !!!: main Method
2023-03-07 12:12:39,042 DEBUG WarehouseAppApplicationNew:18 - [] loading index page..
2023-03-07 12:12:39,042 WARN  WarehouseAppApplicationNew:19 - [] WARN level message!!
2023-03-07 12:12:39,043 ERROR WarehouseAppApplicationNew:20 - [] ERROR level message !!
2023-03-07 12:12:39,115 INFO  StartupInfoLogger:55 - [] Starting WarehouseAppApplicationNew on DESKTOP-024JAS8 with PID 4760 (C:\Users\laksh\eclipse-workspace\spring\User_App3\target\classes started by laksh in C:\Users\laksh\eclipse-workspace\spring\User_App3)
2023-03-07 12:12:39,116 DEBUG StartupInfoLogger:56 - [] Running with Spring Boot v2.3.9.RELEASE, Spring v5.2.13.RELEASE
2023-03-07 12:12:39,116 INFO  SpringApplication:651 - [] No active profile set, falling back to default profiles: default
2023-03-07 12:12:40,339 INFO  StartupInfoLogger:61 - [] Started WarehouseAppApplicationNew in 1.286 seconds (JVM running for 223.173)
2023-03-07 12:13:04,975 INFO  WarehouseAppApplicationNew:17 - [] inside class !!!, Method !!!: main Method
2023-03-07 12:13:04,976 DEBUG WarehouseAppApplicationNew:18 - [] loading index page..
2023-03-07 12:13:04,977 WARN  WarehouseAppApplicationNew:19 - [] WARN level message!!
2023-03-07 12:13:04,978 ERROR WarehouseAppApplicationNew:20 - [] ERROR level message !!
2023-03-07 12:13:05,050 INFO  StartupInfoLogger:55 - [] Starting WarehouseAppApplicationNew on DESKTOP-024JAS8 with PID 4760 (C:\Users\laksh\eclipse-workspace\spring\User_App3\target\classes started by laksh in C:\Users\laksh\eclipse-workspace\spring\User_App3)
2023-03-07 12:13:05,050 DEBUG StartupInfoLogger:56 - [] Running with Spring Boot v2.3.9.RELEASE, Spring v5.2.13.RELEASE
2023-03-07 12:13:05,051 INFO  SpringApplication:651 - [] No active profile set, falling back to default profiles: default
2023-03-07 12:13:06,452 INFO  StartupInfoLogger:61 - [] Started WarehouseAppApplicationNew in 1.465 seconds (JVM running for 249.286)
2023-03-07 12:16:33,515 INFO  WarehouseAppApplicationNew:17 - [] inside class !!!, Method !!!: main Method
2023-03-07 12:16:33,516 DEBUG WarehouseAppApplicationNew:18 - [] loading index page..
2023-03-07 12:16:33,517 WARN  WarehouseAppApplicationNew:19 - [] WARN level message!!
2023-03-07 12:16:33,518 ERROR WarehouseAppApplicationNew:20 - [] ERROR level message !!
2023-03-07 12:16:33,588 INFO  StartupInfoLogger:55 - [] Starting WarehouseAppApplicationNew on DESKTOP-024JAS8 with PID 4760 (C:\Users\laksh\eclipse-workspace\spring\User_App3\target\classes started by laksh in C:\Users\laksh\eclipse-workspace\spring\User_App3)
2023-03-07 12:16:33,589 DEBUG StartupInfoLogger:56 - [] Running with Spring Boot v2.3.9.RELEASE, Spring v5.2.13.RELEASE
2023-03-07 12:16:33,589 INFO  SpringApplication:651 - [] No active profile set, falling back to default profiles: default
2023-03-07 12:16:34,787 INFO  StartupInfoLogger:61 - [] Started WarehouseAppApplicationNew in 1.259 seconds (JVM running for 457.62)
2023-03-07 12:22:00,639 INFO  WarehouseAppApplicationNew:17 - [] inside class !!!, Method !!!: main Method
2023-03-07 12:22:00,640 DEBUG WarehouseAppApplicationNew:18 - [] loading index page..
2023-03-07 12:22:00,641 WARN  WarehouseAppApplicationNew:19 - [] WARN level message!!
2023-03-07 12:22:00,642 ERROR WarehouseAppApplicationNew:20 - [] ERROR level message !!
2023-03-07 12:22:00,704 INFO  StartupInfoLogger:55 - [] Starting WarehouseAppApplicationNew on DESKTOP-024JAS8 with PID 4760 (C:\Users\laksh\eclipse-workspace\spring\User_App3\target\classes started by laksh in C:\Users\laksh\eclipse-workspace\spring\User_App3)
2023-03-07 12:22:00,705 DEBUG StartupInfoLogger:56 - [] Running with Spring Boot v2.3.9.RELEASE, Spring v5.2.13.RELEASE
2023-03-07 12:22:00,706 INFO  SpringApplication:651 - [] No active profile set, falling back to default profiles: default
2023-03-07 12:22:01,862 INFO  StartupInfoLogger:61 - [] Started WarehouseAppApplicationNew in 1.212 seconds (JVM running for 784.697)
2023-03-07 12:22:24,369 INFO  WarehouseAppApplicationNew:17 - [] inside class !!!, Method !!!: main Method
2023-03-07 12:22:24,370 DEBUG WarehouseAppApplicationNew:18 - [] loading index page..
2023-03-07 12:22:24,371 WARN  WarehouseAppApplicationNew:19 - [] WARN level message!!
2023-03-07 12:22:24,372 ERROR WarehouseAppApplicationNew:20 - [] ERROR level message !!
2023-03-07 12:22:24,440 INFO  StartupInfoLogger:55 - [] Starting WarehouseAppApplicationNew on DESKTOP-024JAS8 with PID 4760 (C:\Users\laksh\eclipse-workspace\spring\User_App3\target\classes started by laksh in C:\Users\laksh\eclipse-workspace\spring\User_App3)
2023-03-07 12:22:24,440 DEBUG StartupInfoLogger:56 - [] Running with Spring Boot v2.3.9.RELEASE, Spring v5.2.13.RELEASE
2023-03-07 12:22:24,440 INFO  SpringApplication:651 - [] No active profile set, falling back to default profiles: default
2023-03-07 12:22:25,705 INFO  StartupInfoLogger:61 - [] Started WarehouseAppApplicationNew in 1.323 seconds (JVM running for 808.54)
2023-03-07 12:23:16,098 INFO  WarehouseAppApplicationNew:17 - [] inside class !!!, Method !!!: main Method
2023-03-07 12:23:16,099 DEBUG WarehouseAppApplicationNew:18 - [] loading index page..
2023-03-07 12:23:16,100 WARN  WarehouseAppApplicationNew:19 - [] WARN level message!!
2023-03-07 12:23:16,100 ERROR WarehouseAppApplicationNew:20 - [] ERROR level message !!
2023-03-07 12:23:16,162 INFO  StartupInfoLogger:55 - [] Starting WarehouseAppApplicationNew on DESKTOP-024JAS8 with PID 4760 (C:\Users\laksh\eclipse-workspace\spring\User_App3\target\classes started by laksh in C:\Users\laksh\eclipse-workspace\spring\User_App3)
2023-03-07 12:23:16,163 DEBUG StartupInfoLogger:56 - [] Running with Spring Boot v2.3.9.RELEASE, Spring v5.2.13.RELEASE
2023-03-07 12:23:16,163 INFO  SpringApplication:651 - [] No active profile set, falling back to default profiles: default
2023-03-07 12:23:17,395 INFO  StartupInfoLogger:61 - [] Started WarehouseAppApplicationNew in 1.287 seconds (JVM running for 860.23)
2023-03-07 12:25:20,977 INFO  WarehouseAppApplicationNew:17 - [] inside class !!!, Method !!!: main Method
2023-03-07 12:25:20,978 DEBUG WarehouseAppApplicationNew:18 - [] loading index page..
2023-03-07 12:25:20,978 WARN  WarehouseAppApplicationNew:19 - [] WARN level message!!
2023-03-07 12:25:20,979 ERROR WarehouseAppApplicationNew:20 - [] ERROR level message !!
2023-03-07 12:25:21,047 INFO  StartupInfoLogger:55 - [] Starting WarehouseAppApplicationNew on DESKTOP-024JAS8 with PID 4760 (C:\Users\laksh\eclipse-workspace\spring\User_App3\target\classes started by laksh in C:\Users\laksh\eclipse-workspace\spring\User_App3)
2023-03-07 12:25:21,047 DEBUG StartupInfoLogger:56 - [] Running with Spring Boot v2.3.9.RELEASE, Spring v5.2.13.RELEASE
2023-03-07 12:25:21,048 INFO  SpringApplication:651 - [] No active profile set, falling back to default profiles: default
2023-03-07 12:25:22,228 INFO  StartupInfoLogger:61 - [] Started WarehouseAppApplicationNew in 1.239 seconds (JVM running for 985.062)
2023-03-07 12:37:26,887 INFO  WarehouseAppApplicationNew:17 - [] inside class !!!, Method !!!: main Method
2023-03-07 12:37:26,907 DEBUG WarehouseAppApplicationNew:18 - [] loading index page..
2023-03-07 12:37:26,911 WARN  WarehouseAppApplicationNew:19 - [] WARN level message!!
2023-03-07 12:37:26,915 ERROR WarehouseAppApplicationNew:20 - [] ERROR level message !!
2023-03-07 12:37:27,231 INFO  WarehouseAppApplicationNew:17 - [] inside class !!!, Method !!!: main Method
2023-03-07 12:37:27,232 DEBUG WarehouseAppApplicationNew:18 - [] loading index page..
2023-03-07 12:37:27,233 WARN  WarehouseAppApplicationNew:19 - [] WARN level message!!
2023-03-07 12:37:27,234 ERROR WarehouseAppApplicationNew:20 - [] ERROR level message !!
2023-03-07 12:37:27,871 INFO  StartupInfoLogger:55 - [] Starting WarehouseAppApplicationNew on DESKTOP-024JAS8 with PID 13196 (C:\Users\laksh\eclipse-workspace\spring\User_App3\target\classes started by laksh in C:\Users\laksh\eclipse-workspace\spring\User_App3)
2023-03-07 12:37:27,872 DEBUG StartupInfoLogger:56 - [] Running with Spring Boot v2.3.9.RELEASE, Spring v5.2.13.RELEASE
2023-03-07 12:37:27,876 INFO  SpringApplication:651 - [] No active profile set, falling back to default profiles: default
2023-03-07 12:37:36,503 INFO  StartupInfoLogger:61 - [] Started WarehouseAppApplicationNew in 9.251 seconds (JVM running for 11.223)
2023-03-07 12:38:30,363 INFO  WarehouseAppApplicationNew:17 - [] inside class !!!, Method !!!: main Method
2023-03-07 12:38:30,364 DEBUG WarehouseAppApplicationNew:18 - [] loading index page..
2023-03-07 12:38:30,365 WARN  WarehouseAppApplicationNew:19 - [] WARN level message!!
2023-03-07 12:38:30,365 ERROR WarehouseAppApplicationNew:20 - [] ERROR level message !!
2023-03-07 12:38:30,441 INFO  StartupInfoLogger:55 - [] Starting WarehouseAppApplicationNew on DESKTOP-024JAS8 with PID 13196 (C:\Users\laksh\eclipse-workspace\spring\User_App3\target\classes started by laksh in C:\Users\laksh\eclipse-workspace\spring\User_App3)
2023-03-07 12:38:30,442 DEBUG StartupInfoLogger:56 - [] Running with Spring Boot v2.3.9.RELEASE, Spring v5.2.13.RELEASE
2023-03-07 12:38:30,442 INFO  SpringApplication:651 - [] No active profile set, falling back to default profiles: default
2023-03-07 12:38:31,863 INFO  StartupInfoLogger:61 - [] Started WarehouseAppApplicationNew in 1.488 seconds (JVM running for 66.584)
2023-03-07 12:40:07,627 INFO  WarehouseAppApplicationNew:17 - [] inside class !!!, Method !!!: main Method
2023-03-07 12:40:07,628 DEBUG WarehouseAppApplicationNew:18 - [] loading index page..
2023-03-07 12:40:07,629 WARN  WarehouseAppApplicationNew:19 - [] WARN level message!!
2023-03-07 12:40:07,629 ERROR WarehouseAppApplicationNew:20 - [] ERROR level message !!
2023-03-07 12:40:07,718 INFO  StartupInfoLogger:55 - [] Starting WarehouseAppApplicationNew on DESKTOP-024JAS8 with PID 13196 (C:\Users\laksh\eclipse-workspace\spring\User_App3\target\classes started by laksh in C:\Users\laksh\eclipse-workspace\spring\User_App3)
2023-03-07 12:40:07,719 DEBUG StartupInfoLogger:56 - [] Running with Spring Boot v2.3.9.RELEASE, Spring v5.2.13.RELEASE
2023-03-07 12:40:07,719 INFO  SpringApplication:651 - [] No active profile set, falling back to default profiles: default
2023-03-07 12:40:09,568 INFO  StartupInfoLogger:61 - [] Started WarehouseAppApplicationNew in 1.929 seconds (JVM running for 164.288)
2023-03-07 12:40:36,521 INFO  WarehouseAppApplicationNew:17 - [] inside class !!!, Method !!!: main Method
2023-03-07 12:40:36,528 DEBUG WarehouseAppApplicationNew:18 - [] loading index page..
2023-03-07 12:40:36,529 WARN  WarehouseAppApplicationNew:19 - [] WARN level message!!
2023-03-07 12:40:36,532 ERROR WarehouseAppApplicationNew:20 - [] ERROR level message !!
2023-03-07 12:40:36,816 INFO  WarehouseAppApplicationNew:17 - [] inside class !!!, Method !!!: main Method
2023-03-07 12:40:36,818 DEBUG WarehouseAppApplicationNew:18 - [] loading index page..
2023-03-07 12:40:36,818 WARN  WarehouseAppApplicationNew:19 - [] WARN level message!!
2023-03-07 12:40:36,819 ERROR WarehouseAppApplicationNew:20 - [] ERROR level message !!
2023-03-07 12:40:37,457 INFO  StartupInfoLogger:55 - [] Starting WarehouseAppApplicationNew on DESKTOP-024JAS8 with PID 1976 (C:\Users\laksh\eclipse-workspace\spring\User_App3\target\classes started by laksh in C:\Users\laksh\eclipse-workspace\spring\User_App3)
2023-03-07 12:40:37,459 DEBUG StartupInfoLogger:56 - [] Running with Spring Boot v2.3.9.RELEASE, Spring v5.2.13.RELEASE
2023-03-07 12:40:37,460 INFO  SpringApplication:651 - [] No active profile set, falling back to default profiles: default
2023-03-07 12:40:46,151 INFO  StartupInfoLogger:61 - [] Started WarehouseAppApplicationNew in 9.317 seconds (JVM running for 11.24)
