2023-03-08 11:03:12,281 INFO  WarehouseAppApplicationNew:17 - [] inside class !!!, Method !!!: main Method
2023-03-08 11:03:12,296 DEBUG WarehouseAppApplicationNew:18 - [] loading index page..
2023-03-08 11:03:12,296 WARN  WarehouseAppApplicationNew:19 - [] WARN level message!!
2023-03-08 11:03:12,301 ERROR WarehouseAppApplicationNew:20 - [] ERROR level message !!
2023-03-08 11:03:12,900 INFO  WarehouseAppApplicationNew:17 - [] inside class !!!, Method !!!: main Method
2023-03-08 11:03:12,904 DEBUG WarehouseAppApplicationNew:18 - [] loading index page..
2023-03-08 11:03:12,908 WARN  WarehouseAppApplicationNew:19 - [] WARN level message!!
2023-03-08 11:03:12,913 ERROR WarehouseAppApplicationNew:20 - [] ERROR level message !!
2023-03-08 11:03:13,812 INFO  StartupInfoLogger:55 - [] Starting WarehouseAppApplicationNew on DESKTOP-024JAS8 with PID 10668 (C:\Users\laksh\eclipse-workspace\spring\User_App3\target\classes started by laksh in C:\Users\laksh\eclipse-workspace\spring\User_App3)
2023-03-08 11:03:13,814 DEBUG StartupInfoLogger:56 - [] Running with Spring Boot v2.3.9.RELEASE, Spring v5.2.13.RELEASE
2023-03-08 11:03:13,815 INFO  SpringApplication:651 - [] No active profile set, falling back to default profiles: default
2023-03-08 11:03:23,283 INFO  StartupInfoLogger:61 - [] Started WarehouseAppApplicationNew in 10.331 seconds (JVM running for 12.825)
2023-03-08 11:04:05,855 DEBUG EmpController:34 - [] Start of saveEmp()  of employee controller class
2023-03-08 11:04:05,859 INFO  EmpController:35 - [] !!! inside class: EmployeeController, !! method: saveEmployee
2023-03-08 11:04:05,860 DEBUG EmpController:36 - [] End of saveEmp() of employee controller class
2023-03-08 11:04:05,861 DEBUG EmpServiceImpl:24 - [] Start of saveEmployee() of employee service impl
2023-03-08 11:04:05,862 INFO  EmpServiceImpl:25 - [] !!! inside class: EmpServiceImpl, !! method: saveEmp
2023-03-08 11:04:05,863 DEBUG EmpServiceImpl:26 - [] End of saveEmployee() of employee service impl
2023-03-08 11:04:06,080 ERROR EmpController:39 - [] Employee object saved successfully
2023-03-08 18:45:11,875 INFO  WarehouseAppApplicationNew:17 - [] inside class !!!, Method !!!: main Method
2023-03-08 18:45:11,889 DEBUG WarehouseAppApplicationNew:18 - [] loading index page..
2023-03-08 18:45:11,890 WARN  WarehouseAppApplicationNew:19 - [] WARN level message!!
2023-03-08 18:45:11,891 ERROR WarehouseAppApplicationNew:20 - [] ERROR level message !!
2023-03-08 18:45:12,332 INFO  WarehouseAppApplicationNew:17 - [] inside class !!!, Method !!!: main Method
2023-03-08 18:45:12,334 DEBUG WarehouseAppApplicationNew:18 - [] loading index page..
2023-03-08 18:45:12,335 WARN  WarehouseAppApplicationNew:19 - [] WARN level message!!
2023-03-08 18:45:12,336 ERROR WarehouseAppApplicationNew:20 - [] ERROR level message !!
2023-03-08 18:45:13,224 INFO  StartupInfoLogger:55 - [] Starting WarehouseAppApplicationNew on DESKTOP-024JAS8 with PID 9404 (C:\Users\laksh\eclipse-workspace\spring\User_App3\target\classes started by laksh in C:\Users\laksh\eclipse-workspace\spring\User_App3)
2023-03-08 18:45:13,226 DEBUG StartupInfoLogger:56 - [] Running with Spring Boot v2.3.9.RELEASE, Spring v5.2.13.RELEASE
2023-03-08 18:45:13,228 INFO  SpringApplication:651 - [] No active profile set, falling back to default profiles: default
2023-03-08 18:45:22,467 INFO  StartupInfoLogger:61 - [] Started WarehouseAppApplicationNew in 10.111 seconds (JVM running for 12.921)
2023-03-08 18:46:17,236 DEBUG EmpController:50 - [] Start of getAllEmployees() of employee controller class
2023-03-08 18:46:17,242 INFO  EmpController:51 - [] !!! inside class: EmployeeController, !! method: getAllEmployees
2023-03-08 18:46:17,244 DEBUG EmpController:52 - [] End of getAllEmployees() of employee controller class
2023-03-08 18:46:17,244 DEBUG EmpServiceImpl:32 - [] Start of getAllEmployees() of employee service impl
2023-03-08 18:46:17,246 INFO  EmpServiceImpl:33 - [] !!! inside class: EmpServiceImpl, !! method: getAllEmp
2023-03-08 18:46:17,247 DEBUG EmpServiceImpl:34 - [] End of getAllEmployees() of employee service impl
